<?xml version="1.0" encoding="UTF-8"?>
<!-- Generated by org.testng.reporters.JUnitXMLReporter -->
<testsuite ignored="0" hostname="LAPTOP-178S0KEF" failures="0" tests="10" name="Default test" time="0.134" errors="0" timestamp="2022-04-18T16:06:06 GST">
  <testcase classname="com.tcs.scripts.TestBase" name="@BeforeTest onSetup" time="-1.650283566051E9">
    <failure type="org.testng.TestNGException" message="
Parameter &amp;apos;browser&amp;apos; is required by BeforeTest on method onSetup but has not been marked @Optional or defined
in C:\Users\SADIQUE\AppData\Local\Temp\testng-eclipse-1138170699\testng-customsuite.xml">
      <![CDATA[org.testng.TestNGException: 
Parameter 'browser' is required by BeforeTest on method onSetup but has not been marked @Optional or defined
in C:\Users\SADIQUE\AppData\Local\Temp\testng-eclipse-1138170699\testng-customsuite.xml
at org.testng.internal.Parameters.createParams(Parameters.java:270)
at org.testng.internal.Parameters.createParametersForMethod(Parameters.java:358)
at org.testng.internal.Parameters.createParameters(Parameters.java:700)
at org.testng.internal.Parameters.createConfigurationParameters(Parameters.java:168)
at org.testng.internal.ConfigInvoker.invokeConfigurations(ConfigInvoker.java:302)
at org.testng.TestRunner.invokeTestConfigurations(TestRunner.java:637)
at org.testng.TestRunner.beforeRun(TestRunner.java:627)
at org.testng.TestRunner.run(TestRunner.java:589)
at org.testng.SuiteRunner.runTest(SuiteRunner.java:377)
at org.testng.SuiteRunner.runSequentially(SuiteRunner.java:371)
at org.testng.SuiteRunner.privateRun(SuiteRunner.java:332)
at org.testng.SuiteRunner.run(SuiteRunner.java:276)
at org.testng.SuiteRunnerWorker.runSuite(SuiteRunnerWorker.java:53)
at org.testng.SuiteRunnerWorker.run(SuiteRunnerWorker.java:96)
at org.testng.TestNG.runSuitesSequentially(TestNG.java:1212)
at org.testng.TestNG.runSuitesLocally(TestNG.java:1134)
at org.testng.TestNG.runSuites(TestNG.java:1063)
at org.testng.TestNG.run(TestNG.java:1031)
at org.testng.remote.AbstractRemoteTestNG.run(AbstractRemoteTestNG.java:115)
at org.testng.remote.RemoteTestNG.initAndRun(RemoteTestNG.java:251)
at org.testng.remote.RemoteTestNG.main(RemoteTestNG.java:77)
]]>
    </failure>
  </testcase> <!-- @BeforeTest onSetup -->
  <testcase classname="com.tcs.scripts.TestBase" name="@AfterMethod tearDown" time="-1.650283566109E9">
    <skipped/>
  </testcase> <!-- @AfterMethod tearDown -->
  <testcase classname="com.tcs.scripts.TestBase" name="@AfterMethod tearDown" time="-1.650283566119E9">
    <skipped/>
  </testcase> <!-- @AfterMethod tearDown -->
  <testcase classname="com.tcs.scripts.TestBase" name="@AfterMethod tearDown" time="-1.650283566127E9">
    <skipped/>
  </testcase> <!-- @AfterMethod tearDown -->
  <testcase classname="com.tcs.scripts.TestBase" name="@AfterMethod tearDown" time="-1.650283566133E9">
    <skipped/>
  </testcase> <!-- @AfterMethod tearDown -->
  <testcase classname="com.tcs.scripts.TestBase" name="@AfterMethod tearDown" time="-1.650283566138E9">
    <skipped/>
  </testcase> <!-- @AfterMethod tearDown -->
  <testcase classname="com.tcs.scripts.TestBase" name="@AfterMethod tearDown" time="-1.650283566146E9">
    <skipped/>
  </testcase> <!-- @AfterMethod tearDown -->
  <testcase classname="com.tcs.scripts.TestBase" name="@AfterMethod tearDown" time="-1.650283566154E9">
    <skipped/>
  </testcase> <!-- @AfterMethod tearDown -->
  <testcase classname="com.tcs.scripts.TestBase" name="@AfterMethod tearDown" time="-1.65028356616E9">
    <skipped/>
  </testcase> <!-- @AfterMethod tearDown -->
  <testcase classname="com.tcs.scripts.TestBase" name="@AfterMethod tearDown" time="-1.650283566169E9">
    <skipped/>
  </testcase> <!-- @AfterMethod tearDown -->
  <testcase classname="com.tcs.scripts.TestBase" name="@AfterMethod tearDown" time="-1.650283566175E9">
    <skipped/>
  </testcase> <!-- @AfterMethod tearDown -->
  <testcase classname="com.tcs.scripts.TestBase" name="@AfterTest quitBrowser" time="-1.650283566176E9">
    <skipped/>
  </testcase> <!-- @AfterTest quitBrowser -->
  <testcase classname="com.tcs.scripts.TCCFLogin" name="verifyInvalidLogin1" time="0.0">
    <skipped/>
  </testcase> <!-- verifyInvalidLogin1 -->
  <testcase classname="com.tcs.scripts.TCCFLogin" name="verifyInvalidLogin2" time="0.0">
    <skipped/>
  </testcase> <!-- verifyInvalidLogin2 -->
  <testcase classname="com.tcs.scripts.TCCFLogin" name="verifyInvalidLogin3" time="0.0">
    <skipped/>
  </testcase> <!-- verifyInvalidLogin3 -->
  <testcase classname="com.tcs.scripts.TCCFLogin" name="verifyInvalidLogin4" time="0.0">
    <skipped/>
  </testcase> <!-- verifyInvalidLogin4 -->
  <testcase classname="com.tcs.scripts.TCCFLogin" name="verifyInvalidLogin5" time="0.0">
    <skipped/>
  </testcase> <!-- verifyInvalidLogin5 -->
  <testcase classname="com.tcs.scripts.TCCFLogin" name="verifyInvalidLogin6" time="0.0">
    <skipped/>
  </testcase> <!-- verifyInvalidLogin6 -->
  <testcase classname="com.tcs.scripts.TCCFLogin" name="verifyValidLogin" time="0.0">
    <skipped/>
  </testcase> <!-- verifyValidLogin -->
  <testcase classname="com.tcs.scripts.TCCFLogin" name="verifyMyProfile" time="0.0">
    <skipped/>
  </testcase> <!-- verifyMyProfile -->
  <testcase classname="com.tcs.scripts.TCCFLogin" name="verifyMyBookings" time="0.0">
    <skipped/>
  </testcase> <!-- verifyMyBookings -->
  <testcase classname="com.tcs.scripts.TCCFLogin" name="verifyLogout" time="0.0">
    <skipped/>
  </testcase> <!-- verifyLogout -->
</testsuite> <!-- Default test -->
